0 verbose cli /Users/julienreszka/.nvm/versions/node/v22.5.1/bin/node /Users/julienreszka/.nvm/versions/node/v22.5.1/bin/npm
1 info using npm@10.8.2
2 info using node@v22.5.1
3 silly config load:file:/Users/julienreszka/.nvm/versions/node/v22.5.1/lib/node_modules/npm/npmrc
4 silly config load:file:/Users/julienreszka/Github/julienreszka.github.io/.npmrc
5 silly config load:file:/Users/julienreszka/.npmrc
6 silly config load:file:/Users/julienreszka/.nvm/versions/node/v22.5.1/etc/npmrc
7 verbose title npm run dev
8 verbose argv "run" "dev"
9 verbose logfile logs-max:10 dir:/Users/julienreszka/Github/julienreszka.github.io/.npm-cache/_logs/2026-03-02T09_25_06_768Z-
10 verbose logfile /Users/julienreszka/Github/julienreszka.github.io/.npm-cache/_logs/2026-03-02T09_25_06_768Z-debug-0.log
11 silly logfile done cleaning log files
12 verbose stack Error: Could not read package.json: Error: ENOENT: no such file or directory, open '/Users/julienreszka/Github/julienreszka.github.io/package.json'
12 verbose stack     at async open (node:internal/fs/promises:638:25)
12 verbose stack     at async readFile (node:internal/fs/promises:1245:14)
12 verbose stack     at async read (/Users/julienreszka/.nvm/versions/node/v22.5.1/lib/node_modules/npm/node_modules/@npmcli/package-json/lib/read-package.js:9:18)
12 verbose stack     at async PackageJson.load (/Users/julienreszka/.nvm/versions/node/v22.5.1/lib/node_modules/npm/node_modules/@npmcli/package-json/lib/index.js:130:31)
12 verbose stack     at async PackageJson.normalize (/Users/julienreszka/.nvm/versions/node/v22.5.1/lib/node_modules/npm/node_modules/@npmcli/package-json/lib/index.js:116:5)
12 verbose stack     at async #run (/Users/julienreszka/.nvm/versions/node/v22.5.1/lib/node_modules/npm/lib/commands/run-script.js:85:13)
12 verbose stack     at async RunScript.exec (/Users/julienreszka/.nvm/versions/node/v22.5.1/lib/node_modules/npm/lib/commands/run-script.js:39:7)
12 verbose stack     at async Npm.exec (/Users/julienreszka/.nvm/versions/node/v22.5.1/lib/node_modules/npm/lib/npm.js:207:9)
12 verbose stack     at async module.exports (/Users/julienreszka/.nvm/versions/node/v22.5.1/lib/node_modules/npm/lib/cli/entry.js:74:5)
13 error code ENOENT
14 error syscall open
15 error path /Users/julienreszka/Github/julienreszka.github.io/package.json
16 error errno -2
17 error enoent Could not read package.json: Error: ENOENT: no such file or directory, open '/Users/julienreszka/Github/julienreszka.github.io/package.json'
18 error enoent This is related to npm not being able to find a file.
18 error enoent
19 verbose cwd /Users/julienreszka/Github/julienreszka.github.io
20 verbose os Darwin 25.3.0
21 verbose node v22.5.1
22 verbose npm  v10.8.2
23 verbose exit -2
24 verbose code -2
25 error A complete log of this run can be found in: /Users/julienreszka/Github/julienreszka.github.io/.npm-cache/_logs/2026-03-02T09_25_06_768Z-debug-0.log
